<?xml version="1.0" encoding="UTF-8"?>
<!-- Generated by org.testng.reporters.JUnitXMLReporter -->
<testsuite ignored="0" hostname="LAPTOP-2E8A84ST" failures="0" tests="3" name="Test" time="23.646" errors="0" timestamp="2024-05-22T08:41:24 IST">
  <testcase classname="beauty.LaunchNykaa_Test" name="nykaa" time="7.309"/>
  <testcase classname="beauty.LaunchSuger_Test" name="nykaa" time="8.13"/>
  <testcase classname="beauty.LaunchDove_Test" name="nykaa" time="8.128"/>
</testsuite> <!-- Test -->
