<?xml version="1.0" encoding="UTF-8"?>
<!-- Generated by org.testng.reporters.JUnitXMLReporter -->
<testsuite ignored="0" hostname="LAPTOP-2E8A84ST" failures="0" tests="3" name="Test" time="27.397" errors="0" timestamp="2024-05-24T08:05:12 IST">
  <testcase classname="beauty.LaunchNykaa_Test" name="nykaa" time="6.921"/>
  <testcase classname="beauty.LaunchSuger_Test" name="nykaa" time="11.353"/>
  <testcase classname="beauty.LaunchDove_Test" name="nykaa" time="9.066"/>
</testsuite> <!-- Test -->
